PRT1
287
517
4 0 16 (1376 1856 256 ) (1632 1856 256 ) (1632 1600 256 ) (1376 1600 256 ) 
4 0 7 (1376 1600 256 ) (1408 1600 256 ) (1408 1600 384 ) (1376 1600 384 ) 
4 0 5 (1408 1600 256 ) (1632 1600 256 ) (1632 1600 384 ) (1408 1600 384 ) 
4 1 17 (1056 1856 256 ) (1312 1856 256 ) (1312 1600 256 ) (1056 1600 256 ) 
4 1 13 (1056 1600 256 ) (1152 1600 256 ) (1152 1600 384 ) (1056 1600 384 ) 
4 1 11 (1152 1600 256 ) (1280 1600 256 ) (1280 1600 384 ) (1152 1600 384 ) 
4 1 9 (1280 1600 256 ) (1312 1600 256 ) (1312 1600 384 ) (1280 1600 384 ) 
4 2 6 (1728 1088 256 ) (1856 1088 256 ) (1856 1088 384 ) (1728 1088 384 ) 
4 2 4 (1728 1529.599976 256 ) (1728 1392 256 ) (1728 1392 384 ) (1728 1529.599976 384 ) 
4 2 3 (1728 1392 256 ) (1728 1344 256 ) (1728 1344 384 ) (1728 1392 384 ) 
4 3 4 (1728 1392 384 ) (1728 1392 256 ) (1696 1408.001221 256 ) (1696 1408.001221 384 ) 
4 4 5 (1632 1568 256 ) (1632 1440 256 ) (1632 1440 384 ) (1632 1568 384 ) 
4 5 7 (1408 1600 384 ) (1408 1600 256 ) (1408 1440 256 ) (1408 1440 384 ) 
4 6 54 (2048 1024 256 ) (2048 1024 384 ) (1536 1024 384 ) (1536 1024 256 ) 
4 7 8 (1376 1568 256 ) (1376 1440 256 ) (1376 1440 384 ) (1376 1568 384 ) 
4 8 9 (1312 1568 256 ) (1312 1440 256 ) (1312 1440 384 ) (1312 1568 384 ) 
4 9 11 (1280 1600 384 ) (1280 1600 256 ) (1280 1440 256 ) (1280 1440 384 ) 
4 10 55 (1408 1024 384 ) (1280 1024 384 ) (1280 1024 256 ) (1408 1024 256 ) 
4 10 12 (1280 1280 256 ) (1280 1152 256 ) (1280 1152 384 ) (1280 1280 384 ) 
4 11 13 (1152 1600 384 ) (1152 1600 256 ) (1152 1440 256 ) (1152 1440 384 ) 
4 12 15 (1152 1280 256 ) (1152 1152 256 ) (1152 1152 384 ) (1152 1280 384 ) 
4 13 14 (1056 1568 256 ) (1056 1440 256 ) (1056 1440 384 ) (1056 1568 384 ) 
4 14 25 (1024 1440 384 ) (1024 1568 384 ) (1024 1568 256 ) (1024 1440 256 ) 
4 15 30 (1024 1104 384 ) (1024 1280 384 ) (1024 1280 256 ) (1024 1104 256 ) 
4 15 29 (1024 1280 384 ) (1024 1328 384 ) (1024 1328 256 ) (1024 1280 256 ) 
4 16 18 (1376 1600 128 ) (1376 1600 0 ) (1632 1600 0 ) (1632 1600 128 ) 
4 17 19 (1056 1600 128 ) (1056 1600 0 ) (1312 1600 0 ) (1312 1600 128 ) 
4 18 22 (1600 1568 128 ) (1376 1568 128 ) (1376 1568 0 ) (1600 1568 0 ) 
4 18 21 (1696.005005 1568 128 ) (1600 1568 128 ) (1600 1568 0 ) (1696.005005 1568 0 ) 
4 19 22 (1312 1568 128 ) (1056 1568 128 ) (1056 1568 0 ) (1312 1568 0 ) 
4 20 80 (1984 1024 128 ) (1728 1024 128 ) (1728 1024 0 ) (1984 1024 0 ) 
4 20 21 (1728 1568 0 ) (1728 1184 0 ) (1728 1184 128 ) (1728 1568 128 ) 
4 21 22 (1600 1568 0 ) (1600 1376 0 ) (1600 1376 128 ) (1600 1568 128 ) 
4 22 34 (1024 1376 128 ) (1024 1568 128 ) (1024 1568 0 ) (1024 1376 0 ) 
4 23 35 (992 1600 128 ) (736 1600 128 ) (736 1856 128 ) (992 1856 128 ) 
4 23 24 (992 1600 384 ) (736 1600 384 ) (736 1600 256 ) (992 1600 256 ) 
4 24 25 (736 1568 256 ) (992 1568 256 ) (992 1568 384 ) (736 1568 384 ) 
4 25 28 (640 1440 384 ) (550.399902 1440 384 ) (550.399902 1440 256 ) (640 1440 256 ) 
4 25 26 (736 1440 384 ) (688 1440 384 ) (688 1440 256 ) (736 1440 256 ) 
4 25 27 (688 1440 384 ) (640 1440 384 ) (640 1440 256 ) (688 1440 256 ) 
4 26 27 (688 1440 384 ) (688 1440 256 ) (672 1408 256 ) (672 1408 384 ) 
4 27 28 (640 1440 384 ) (640 1440 256 ) (640 1344 256 ) (640 1344 384 ) 
4 28 31 (512 1280 384 ) (512 1280 256 ) (640 1280 256 ) (640 1280 384 ) 
4 29 37 (768 1280 128 ) (512 1280 128 ) (512 1328 128 ) (768 1328 128 ) 
4 29 32 (512 1280 128 ) (640 1280 128 ) (640 1280 176 ) (608 1280 176 ) 
5 29 30 (640 1280 128 ) (768 1280 128 ) (1024 1280 256 ) (1024 1280 384 ) (640 1280 192 ) 
4 30 37 (768 1104 128 ) (640 1104 128 ) (640 1280 128 ) (768 1280 128 ) 
4 30 32 (640 1280 176 ) (640 1280 128 ) (640 1152 128 ) (640 1152 176 ) 
4 30 33 (640 1152 128 ) (640 1104 128 ) (640 1104 192 ) (640 1152 192 ) 
4 31 85 (512 1024 384 ) (512 1024 256 ) (640 1024 256 ) (640 1024 384 ) 
4 32 37 (512 1152 128 ) (512 1280 128 ) (640 1280 128 ) (640 1152 128 ) 
5 32 33 (640 1152 128 ) (640 1152 176 ) (607.992188 1152 176 ) (512 1152 128.003906 ) (512 1152 128 ) 
4 33 37 (512 1104 128 ) (512 1152 128 ) (640 1152 128 ) (640 1104 128 ) 
4 34 35 (992 1568 0 ) (992 1376 0 ) (992 1376 128 ) (992 1568 128 ) 
4 35 36 (736 1600 0 ) (736 1856 0 ) (992 1856 0 ) (992 1600 0 ) 
6 37 39 (160 1104 128 ) (160 1280 128 ) (160 1312 96 ) (160 1312 32 ) (160 1280 0 ) (160 1104 0 ) 
4 38 160 (0 1412.064453 0 ) (0 1312 0 ) (0 1312 32 ) (0 1412.064453 32 ) 
4 38 159 (0 1458.620728 32 ) (0 1458.620728 0 ) (0 1412.064453 0 ) (0 1412.064453 32 ) 
4 38 149 (0 1312 128 ) (0 1458.620728 128 ) (0 1458.620728 32 ) (0 1312 32 ) 
4 38 142 (0 1458.620728 128 ) (0 1524.666626 128 ) (0 1524.666626 0 ) (0 1458.620728 0 ) 
4 38 141 (0 1524.666626 128 ) (0 1593.125122 128 ) (0 1593.125122 0 ) (0 1524.666626 0 ) 
6 38 133 (0 1593.125122 128 ) (0 1621.333496 128 ) (0 1653.333252 96 ) (0 1653.333252 32.012966 ) (0 1621.320313 0 ) (0 1593.125122 0 ) 
6 38 41 (0 1312 0 ) (96 1312 0 ) (128 1312 32 ) (128 1312 96 ) (96 1312 128 ) (0 1312 128 ) 
6 39 41 (128 1312 96 ) (128 1312 32 ) (128 1280 0 ) (128 1088 0 ) (128 1088 128 ) (128 1280 128 ) 
4 40 98 (136 1024 128 ) (128 1024 128 ) (128 1024 0 ) (136 1024 0 ) 
4 40 41 (128 1056 0 ) (128 1024 0 ) (128 1024 128 ) (128 1056 128 ) 
4 41 167 (0 1024 0 ) (0 1024 128 ) (0 1088 128 ) (0 1088 0 ) 
4 41 166 (0 1088 128 ) (0 1152 128 ) (0 1152 0 ) (0 1088 0 ) 
4 41 163 (0 1152 128 ) (0 1216 128 ) (0 1216 0 ) (0 1152 0 ) 
4 41 161 (0 1280 0 ) (0 1216 0 ) (0 1216 32 ) (0 1280 32 ) 
4 41 160 (0 1312 32 ) (0 1312 0 ) (0 1280 0 ) (0 1280 32 ) 
4 41 152 (0 1216 128 ) (0 1280 128 ) (0 1280 32 ) (0 1216 32 ) 
4 41 149 (0 1280 128 ) (0 1312 128 ) (0 1312 32 ) (0 1280 32 ) 
4 41 98 (128 1024 128 ) (0 1024 128 ) (0 1024 0 ) (128 1024 0 ) 
4 42 44 (1408 784 400 ) (1408 768 400 ) (1280 768 400 ) (1280 784 400 ) 
4 43 45 (1264 784 400 ) (1264 768 400 ) (1104 768 400 ) (1104 784 400 ) 
4 44 55 (1408 784 384 ) (1408 768 384 ) (1280 768 384 ) (1280 784 384 ) 
4 45 57 (1264 784 384 ) (1264 768 384 ) (1248 768 384 ) (1248 784 384 ) 
4 45 58 (1232 768 384 ) (1136 768 384 ) (1136 784 384 ) (1232 784 384 ) 
4 46 63 (1360 704 384 ) (1392 704 384 ) (1392 512 384 ) (1360 512 384 ) 
4 47 63 (1296 704 384 ) (1328 704 384 ) (1328 512 384 ) (1296 512 384 ) 
4 48 63 (1232 704 384 ) (1264 704 384 ) (1264 512 384 ) (1232 512 384 ) 
4 49 63 (1168 704 384 ) (1200 704 384 ) (1200 512 384 ) (1168 512 384 ) 
4 50 51 (1472 496 528 ) (1472 496 400 ) (1472 272 400 ) (1472 272 528 ) 
4 50 52 (1472 256 400 ) (1472 16 400 ) (1472 16 528 ) (1472 256 528 ) 
4 51 53 (1344 448 400 ) (1344 320 400 ) (1216 320 400 ) (1216 448 400 ) 
4 53 75 (1344 352 384 ) (1344 320 384 ) (1216 320 384 ) (1216 352 384 ) 
4 53 72 (1344 416 384 ) (1344 352 384 ) (1216 352 384 ) (1216 416 384 ) 
4 53 67 (1344 448 384 ) (1344 416 384 ) (1216 416 384 ) (1216 448 384 ) 
4 54 59 (1536 768 256 ) (2048 768 256 ) (2048 768 384 ) (1536 768 384 ) 
4 55 61 (1280 768 256 ) (1408 768 256 ) (1408 768 384 ) (1280 768 384 ) 
4 56 58 (1136 784 256 ) (1232 784 256 ) (1232 784 384 ) (1136 784 384 ) 
4 58 62 (1136 768 256 ) (1232 768 256 ) (1232 768 384 ) (1136 768 384 ) 
4 59 60 (1728 576 256 ) (1856 576 256 ) (1856 576 384 ) (1728 576 384 ) 
4 60 65 (1728 512 256 ) (1856 512 256 ) (1856 512 384 ) (1728 512 384 ) 
4 61 63 (1280 752 256 ) (1408 752 256 ) (1408 752 384 ) (1280 752 384 ) 
4 62 63 (1136 752 256 ) (1232 752 256 ) (1232 752 384 ) (1136 752 384 ) 
4 63 67 (1104 512 256 ) (1456 512 256 ) (1456 512 384 ) (1104 512 384 ) 
4 63 64 (1104 640 256 ) (1104 512 256 ) (1104 512 384 ) (1104 640 384 ) 
4 64 67 (1088 512 256 ) (1104 512 256 ) (1104 512 384 ) (1088 512 384 ) 
4 65 70 (1728 416 256 ) (1856 416 256 ) (1856 416 384 ) (1728 416 384 ) 
4 65 66 (1728 448 256 ) (1728 416 256 ) (1728 416 384 ) (1728 448 384 ) 
4 66 70 (1696 416 256 ) (1728 416 256 ) (1728 416 384 ) (1696 416 384 ) 
4 67 71 (1456 416 256 ) (1472 416 256 ) (1472 416 384 ) (1456 416 384 ) 
4 67 70 (1472 416 256 ) (1600 416 256 ) (1600 416 384 ) (1472 416 384 ) 
4 67 72 (1056 416 256 ) (1456 416 256 ) (1456 416 384 ) (1056 416 384 ) 
4 67 68 (1048 512 344 ) (1048 512 296 ) (1048 416 296 ) (1048 416 344 ) 
4 68 69 (1032 512 344 ) (1032 512 296 ) (1032 416 296 ) (1032 416 344 ) 
4 69 89 (1024 416 384 ) (1024 512 384 ) (1024 512 256 ) (1024 416 256 ) 
4 70 73 (1472 352 256 ) (1856 352 256 ) (1856 352 384 ) (1472 352 384 ) 
4 70 71 (1472 416 384 ) (1472 416 256 ) (1472 384 256 ) (1472 384 384 ) 
4 71 72 (1456 416 384 ) (1456 416 256 ) (1456 384 256 ) (1456 384 384 ) 
4 72 75 (1056 352 256 ) (1456 352 256 ) (1456 352 384 ) (1056 352 384 ) 
4 73 74 (1472 288 384 ) (1472 288 256 ) (1600 288 256 ) (1600 288 384 ) 
4 74 78 (1472 256 256 ) (1600 256 256 ) (1600 256 384 ) (1472 256 384 ) 
4 75 79 (1104 256 256 ) (1328 256 256 ) (1328 256 384 ) (1104 256 384 ) 
4 75 76 (1048 352 344 ) (1048 352 296 ) (1048 256 296 ) (1048 256 344 ) 
4 76 77 (1032 352 344 ) (1032 352 296 ) (1032 256 296 ) (1032 256 344 ) 
4 77 89 (1024 256 384 ) (1024 352 384 ) (1024 352 256 ) (1024 256 256 ) 
4 78 103 (1600 0 384 ) (1472 0 384 ) (1472 0 256 ) (1600 0 256 ) 
4 80 104 (1984 0 128 ) (1728 0 128 ) (1728 0 0 ) (1984 0 0 ) 
4 80 81 (1728 384 0 ) (1728 32 0 ) (1728 32 128 ) (1728 384 128 ) 
4 81 83 (1216 384 0 ) (1216 224 0 ) (1216 224 128 ) (1216 384 128 ) 
4 81 82 (1216 224 0 ) (1216 192 0 ) (1216 192 128 ) (1216 224 128 ) 
4 82 83 (1216 224 128 ) (1216 224 0 ) (1151.998169 256.001892 0 ) (1151.998169 256.001892 128 ) 
4 83 84 (1088 480 0 ) (1088 288 0 ) (1088 288 96 ) (1088 480 96 ) 
4 84 95 (1024 480 96 ) (1024 480 0 ) (1024 288 0 ) (1024 288 96 ) 
4 85 86 (256 896 256 ) (896 896 256 ) (896 896 768 ) (256 896 768 ) 
4 86 230 (0 768 768 ) (0 896 768 ) (0 896 256 ) (0 768 256 ) 
4 86 87 (896 768 768 ) (0 768 768 ) (0 768 256 ) (896 768 256 ) 
4 87 230 (0 640 768 ) (0 768 768 ) (0 768 256 ) (0 640 256 ) 
4 87 88 (1024 640 256 ) (256 640 256 ) (384 768 256 ) (896 768 256 ) 
4 87 89 (1024 640 256 ) (1024 640 768 ) (0 640 768 ) (0 640 256 ) 
5 88 93 (384 768 128 ) (896 768 128 ) (960 704 128 ) (960 640 128 ) (256 640 128 ) 
3 88 90 (960 704 128 ) (1024 640 128 ) (960 640 128 ) 
4 88 89 (256 640 128 ) (1024 640 128 ) (1024 640 256 ) (256 640 256 ) 
4 89 232 (0 0 128 ) (0 0 256 ) (0 640 256 ) (0 640 128 ) 
4 89 230 (0 0 256 ) (0 0 768 ) (0 640 768 ) (0 640 256 ) 
4 89 114 (0 0 768 ) (0 0 128 ) (1024 0 128 ) (1024 0 768 ) 
4 89 101 (256 0 128 ) (128 0 128 ) (128 640 128 ) (256 640 128 ) 
4 89 102 (128 0 128 ) (0 0 128 ) (0 640 128 ) (128 640 128 ) 
4 89 94 (960 128 128 ) (960 480 128 ) (1024 480 128 ) (1024 128 128 ) 
4 89 96 (1024 0 128 ) (960 0 128 ) (960 128 128 ) (1024 128 128 ) 
4 89 97 (960 0 128 ) (256 0 128 ) (256 480 128 ) (960 480 128 ) 
4 89 93 (256 480 128 ) (256 640 128 ) (960 640 128 ) (960 480 128 ) 
4 89 90 (960 640 128 ) (1024 640 128 ) (1024 480 128 ) (960 480 128 ) 
4 90 94 (1024 480 96 ) (1024 480 128 ) (960 480 128 ) (960 480 96 ) 
4 90 93 (960 704 96 ) (960 480 96 ) (960 480 128 ) (960 704 128 ) 
4 90 92 (992 480 96 ) (960 480 96 ) (960 512 96 ) (992 512 96 ) 
5 90 91 (960 512 96 ) (960 704 96 ) (1024 640 96 ) (1024 544 96 ) (992 512 96 ) 
4 91 93 (960 704 0 ) (960 512 0 ) (960 512 96 ) (960 704 96 ) 
3 91 92 (992 512 96 ) (960 512 96 ) (960 512 48 ) 
3 92 95 (992 480 96 ) (960 480 96 ) (960 480 48 ) 
4 92 93 (960 480 48 ) (960 480 96 ) (960 512 96 ) (960 512 48 ) 
4 93 101 (256 640 0 ) (256 480 0 ) (256 480 128 ) (256 640 128 ) 
4 93 97 (256 480 128 ) (256 480 0 ) (960 480 0 ) (960 480 128 ) 
4 94 95 (960 224 96 ) (960 480 96 ) (1024 480 96 ) (1024 288 96 ) 
4 94 96 (960 128 128 ) (960 128 96 ) (1024 128 96 ) (1024 128 128 ) 
4 94 97 (960 480 128 ) (960 480 96 ) (960 128 96 ) (960 128 128 ) 
4 95 97 (960 480 96 ) (960 480 0 ) (960 224 0 ) (960 224 96 ) 
4 96 114 (960 0 0 ) (1024 0 0 ) (1024 0 128 ) (960 0 128 ) 
4 96 97 (960 128 0 ) (960 0 0 ) (960 0 128 ) (960 128 128 ) 
4 97 114 (256 0 0 ) (960 0 0 ) (960 0 128 ) (256 0 128 ) 
4 97 101 (256 480 0 ) (256 0 0 ) (256 0 128 ) (256 480 128 ) 
4 98 235 (0 680 128 ) (0 768 128 ) (0 768 0 ) (0 680 0 ) 
4 98 234 (0 768 128 ) (0 1024 128 ) (0 1024 0 ) (0 768 0 ) 
6 98 99 (64 680 8 ) (80 680 24 ) (80 680 96 ) (64 680 112 ) (0 680 112 ) (0 680 8 ) 
4 99 237 (0 680 112 ) (0 680 8 ) (0 672 8 ) (0 672 112 ) 
6 99 102 (64 672 8 ) (80 672 24 ) (80 672 96 ) (64 672 112 ) (0 672 112 ) (0 672 8 ) 
4 100 102 (128 672 128 ) (128 672 0 ) (128 648 0 ) (128 648 128 ) 
4 101 114 (128 0 0 ) (256 0 0 ) (256 0 128 ) (128 0 128 ) 
4 101 102 (128 640 0 ) (128 0 0 ) (128 0 128 ) (128 640 128 ) 
4 102 242 (0 0 0 ) (0 0 128 ) (0 640 128 ) (0 640 0 ) 
4 102 238 (0 640 128 ) (0 672 128 ) (0 672 0 ) (0 640 0 ) 
4 102 114 (0 0 128 ) (0 0 0 ) (128 0 0 ) (128 0 128 ) 
4 103 105 (1600 -256 128 ) (1600 -512 128 ) (1472 -512 128 ) (1472 -256 128 ) 
4 104 107 (1728 -512 0 ) (1984 -512 0 ) (1984 -512 128 ) (1728 -512 128 ) 
4 105 108 (1472 -512 0 ) (1600 -512 0 ) (1600 -512 128 ) (1472 -512 128 ) 
4 106 108 (1088 -512 0 ) (1328 -512 0 ) (1328 -512 128 ) (1088 -512 128 ) 
4 107 109 (1728 -640 0 ) (1984 -640 0 ) (1984 -640 128 ) (1728 -640 128 ) 
4 108 114 (1024 -512 0 ) (1024 -640 0 ) (1024 -640 128 ) (1024 -512 128 ) 
4 108 111 (1088 -640 0 ) (1344 -640 0 ) (1344 -640 128 ) (1088 -640 128 ) 
4 109 110 (1600 -768 0 ) (1984 -768 0 ) (1984 -768 128 ) (1600 -768 128 ) 
4 110 112 (1344 -768 0 ) (1344 -1024 0 ) (1344 -1024 128 ) (1344 -768 128 ) 
4 112 113 (1088 -896 0 ) (1088 -1024 0 ) (1088 -1024 128 ) (1088 -896 128 ) 
4 113 114 (1024 -896 0 ) (1024 -1024 0 ) (1024 -1024 128 ) (1024 -896 128 ) 
4 114 251 (0 -1024 0 ) (0 -1024 128 ) (0 -512 128 ) (0 -512 0 ) 
4 114 248 (0 -512 128 ) (0 0 128 ) (0 0 0 ) (0 -512 0 ) 
4 114 245 (0 -1024 128 ) (0 -1024 256 ) (0 0 256 ) (0 0 128 ) 
4 114 244 (0 -1024 256 ) (0 -1024 768 ) (0 0 768 ) (0 0 256 ) 
4 115 185 (-816 2048 128 ) (-808 2048 128 ) (-808 1872 128 ) (-816 1872 128 ) 
4 115 183 (-808 2048 128 ) (-800 2048 128 ) (-800 1872 128 ) (-808 1872 128 ) 
4 115 177 (-800 2048 128 ) (-768 2048 128 ) (-768 1872 128 ) (-800 1872 128 ) 
4 115 116 (-816 1856 960 ) (-816 1856 192 ) (-768 1856 192 ) (-768 1856 960 ) 
4 115 118 (-816 2048 128 ) (-816 1856 128 ) (-816 1856 960 ) (-816 2048 960 ) 
4 116 118 (-816 1280 192 ) (-816 1280 960 ) (-816 1856 960 ) (-816 1856 192 ) 
4 116 117 (-816 1280 960 ) (-816 1280 192 ) (-768 1280 192 ) (-768 1280 960 ) 
4 117 188 (-800 1120 128 ) (-816 1120 128 ) (-816 1264 128 ) (-800 1264 128 ) 
4 117 182 (-768 1264 128 ) (-768 1120 128 ) (-800 1120 128 ) (-800 1264 128 ) 
4 117 118 (-816 1280 128 ) (-816 1120 128 ) (-816 1120 960 ) (-816 1280 960 ) 
4 118 203 (-1024 1120 960 ) (-1024 2048 960 ) (-1024 2048 128 ) (-1024 1120 128 ) 
4 118 191 (-1024 1254.400024 128 ) (-1024 1472 128 ) (-832 1472 128 ) (-928 1312 128 ) 
4 118 190 (-1024 1472 128 ) (-1024 1664 128 ) (-816 1664 128 ) (-816 1472 128 ) 
4 118 192 (-1024 1120 128 ) (-1024 1216 128 ) (-816 1216 128 ) (-816 1120 128 ) 
4 118 189 (-1024 1664 128 ) (-1024 1881.599854 128 ) (-928 1824 128 ) (-832 1664 128 ) 
4 119 170 (-256 1472 32 ) (-256 1472 82.817612 ) (-256 1473.666626 84.243111 ) (-256 1473.666626 30.346241 ) 
3 119 128 (-256 1473.666748 84.243973 ) (-256 1472 82.818367 ) (-240 1471 89.208397 ) 
3 119 121 (-256 1473.666626 30.346207 ) (-256 1473.666626 32.237068 ) (-240 1471 32 ) 
4 119 120 (-256 1473.666626 32.237068 ) (-256 1473.666626 84.240265 ) (-240 1471 89.204620 ) (-240 1471 32 ) 
4 120 170 (-256 1473.666626 32.237080 ) (-256 1473.666626 84.243111 ) (-256 1482.571533 91.859833 ) (-256 1482.571533 23.530006 ) 
3 120 129 (-240 1471 89.208397 ) (-227.121887 1470.195068 94.351448 ) (-239.440674 1475.474609 93.288902 ) 
4 120 128 (-256 1482.571411 91.860596 ) (-256 1473.666748 84.243973 ) (-240 1471 89.208397 ) (-239.440674 1475.474609 93.288902 ) 
3 120 127 (-240 1471 89.208397 ) (-222 1468 94.793236 ) (-227.121887 1470.195068 94.351448 ) 
3 120 124 (-221.993927 1467.998901 33.861031 ) (-221.993927 1467.998901 31.733303 ) (-239.439423 1475.475586 27.524206 ) 
5 120 123 (-256 1482.572998 23.528610 ) (-256 1482.572998 91.861664 ) (-221.993942 1467.998901 94.794800 ) (-221.993927 1467.998901 33.861031 ) (-239.439423 1475.475586 27.524206 ) 
4 120 121 (-239.995621 1471.003540 31.996048 ) (-256 1473.670898 32.233150 ) (-256 1482.571533 23.530380 ) (-239.437073 1475.473145 27.526510 ) 
4 121 170 (-256 1473.666626 30.346207 ) (-256 1473.666626 32.237080 ) (-256 1482.571533 23.530006 ) (-256 1482.571533 21.510374 ) 
3 121 123 (-256 1482.572998 21.508808 ) (-256 1482.572998 23.528610 ) (-239.439423 1475.475586 27.524204 ) 
4 122 131 (-191.515396 1454.935181 30.967648 ) (-191.515564 1454.935181 97.036224 ) (-192 1454 96 ) (-192 1454 32 ) 
4 122 126 (-208.022110 1462.010986 96 ) (-191.515503 1454.936768 97.423668 ) (-191.515488 1454.936768 30.966339 ) (-208.022095 1462.010986 32.408291 ) 
8 123 170 (-256 1680 0 ) (-256 1504.249878 0 ) (-256 1482.571533 21.510313 ) (-256 1482.571533 91.859833 ) (-256 1524.823608 128 ) (-256 1680 128 ) (-256 1712 96 ) (-256 1712 32 ) 
5 123 129 (-239.440689 1475.474487 93.288902 ) (-227.121948 1470.195068 94.351448 ) (-221.523819 1469.845215 96.587173 ) (-213.185516 1502.156128 128 ) (-234.682861 1513.537109 128 ) 
4 123 128 (-256 1524.822632 128 ) (-256 1482.571411 91.860596 ) (-239.440689 1475.474487 93.288902 ) (-234.682861 1513.537109 128 ) 
3 123 127 (-227.121948 1470.195068 94.351448 ) (-222 1468 94.793236 ) (-221.523819 1469.845215 96.587173 ) 
10 123 125 (-222 1467.998047 94.789063 ) (-222 1467.998047 33.862362 ) (-213.333359 1501.583252 0 ) (-167.290436 1680 0 ) (-160 1708.252441 28.252457 ) (-159.072281 1711.845337 32 ) (-159.072281 1711.845337 96 ) (-160 1708.248901 99.751030 ) (-167.290421 1680 128 ) (-213.184906 1502.158447 128 ) 
4 123 124 (-213.331528 1501.586060 0 ) (-222 1468 33.863281 ) (-239.464813 1475.485352 27.519115 ) (-236.024414 1503.004395 0 ) 
4 124 125 (-222 1467.998047 33.862362 ) (-222 1467.998047 31.735380 ) (-214 1499 0 ) (-213.333359 1501.583252 0 ) 
4 125 130 (-222 1468 94.793236 ) (-208 1462 96 ) (-194 1492 128 ) (-213.185516 1502.156128 128 ) 
8 125 126 (-208 1462 95.996094 ) (-208 1462 32.407661 ) (-194 1492 0 ) (-110.269196 1671.423218 0 ) (-97.346161 1699.115356 32 ) (-97.346153 1699.115356 96 ) (-110.269249 1671.423096 128 ) (-193.998291 1492.003662 128 ) 
4 126 134 (-177 1483 0 ) (-175.313751 1486.258301 0 ) (-190.615601 1456.674805 31.784828 ) (-190.615601 1456.674805 29.048113 ) 
9 126 132 (-175.313751 1486.258301 0 ) (-84.057907 1662.686035 0 ) (-69.940529 1689.980103 32 ) (-69.940979 1689.980347 96 ) (-84.058716 1662.686401 128 ) (-177 1483 128 ) (-180.494171 1476.243408 120.638451 ) (-190.615723 1456.674927 98.963272 ) (-190.615601 1456.674805 31.784828 ) 
4 126 131 (-191.515564 1454.935181 97.036232 ) (-191.515396 1454.935181 30.967651 ) (-190.615601 1456.674805 29.048113 ) (-190.615723 1456.674927 98.963272 ) 
4 127 130 (-222 1468 94.799095 ) (-221.522888 1469.845215 96.593185 ) (-221.522888 1469.845215 97.904808 ) (-222 1468 96 ) 
4 127 129 (-221.519531 1469.844727 97.905052 ) (-221.519531 1469.844727 96.582031 ) (-239.997101 1471 89.202621 ) (-239.997101 1471 95.731171 ) 
4 128 170 (-256 1504 128 ) (-256 1524.823608 128 ) (-256 1472 82.817558 ) (-256 1472 96 ) 
4 128 129 (-240 1471 95.731148 ) (-240 1471 89.207031 ) (-234.682449 1513.538452 128 ) (-236 1503 128 ) 
4 129 130 (-221.522888 1469.845215 96.593185 ) (-213.186111 1502.149902 128 ) (-214 1499 128 ) (-221.522888 1469.845215 97.904808 ) 
3 131 134 (-190.613327 1456.675781 29.127510 ) (-190.613327 1456.675781 31.782602 ) (-178 1446.002563 31.997732 ) 
5 131 132 (-190.613327 1456.675781 31.782602 ) (-190.613312 1456.675781 98.965233 ) (-177.989044 1445.993652 96 ) (-177.989044 1445.993652 32 ) (-178 1446.002563 31.997732 ) 
4 132 134 (-178 1446 31.998720 ) (-190.617188 1456.675781 31.783630 ) (-175.315948 1486.258179 0 ) (-158 1472 0 ) 
10 132 133 (-178.003906 1445.996094 95.994766 ) (-178.003906 1445.996094 32.003906 ) (-158.001465 1472 0 ) (-29.667633 1638.833740 0 ) (-16.077881 1656.500366 24.461548 ) (-12.238118 1661.492065 32.013046 ) (-12.237995 1661.491943 96 ) (-15.997352 1656.604736 103.393723 ) (-29.667494 1638.833496 128 ) (-158 1472 128 ) 
6 133 141 (-141 1458 0 ) (0 1593.124390 0 ) (0 1593.125000 128 ) (-141 1458 128 ) (-158.923920 1440.822388 104.101036 ) (-158.923874 1440.822388 24.416985 ) 
4 133 136 (-158.923920 1440.822388 104.101036 ) (-165 1435 96 ) (-165 1435 32.693649 ) (-158.923874 1440.822388 24.416985 ) 
4 135 140 (-154 1422 32 ) (-151.556641 1423.628906 29.104151 ) (-151.556641 1423.628906 29.993046 ) (-154 1422 32.888885 ) 
4 135 137 (-153.249969 1422.500000 96.892326 ) (-154 1422 96 ) (-154 1422 32.888885 ) (-153.249969 1422.500000 32 ) 
4 135 138 (-151.556641 1423.628906 29.993046 ) (-151.556641 1423.628906 98.906982 ) (-153.249969 1422.500000 96.892326 ) (-153.249969 1422.500000 32 ) 
4 135 136 (-151.554688 1423.625000 99.512497 ) (-151.554688 1423.625000 29.100586 ) (-165 1435 32.688004 ) (-165 1435 96.001160 ) 
4 136 141 (-158.922897 1440.823975 24.415241 ) (-158.922897 1440.823975 104.102798 ) (-151.554245 1423.630493 99.516243 ) (-151.554245 1423.630493 29.101234 ) 
3 137 140 (-154 1422 32.886356 ) (-153.250488 1422.500977 31.997375 ) (-146 1408 31.997356 ) 
4 137 138 (-153.250000 1422.500000 96.896973 ) (-146 1408 96.004677 ) (-146 1408 32 ) (-153.250000 1422.500000 32 ) 
4 138 142 (-138 1392.003906 95.017311 ) (-138 1392.003906 31.998268 ) (-151.554245 1423.630493 29.990250 ) (-151.554245 1423.630493 98.909805 ) 
5 138 140 (-153.250488 1422.500977 31.997375 ) (-151.558594 1423.628906 29.992188 ) (-144.246689 1406.567749 31.075432 ) (-144.923599 1406.116211 31.877798 ) (-146 1408 31.997356 ) 
3 138 139 (-146.037933 1408.075928 96 ) (-138.010727 1392.021484 95.012093 ) (-145.117386 1408.603516 97.052757 ) 
3 139 143 (-138 1392.003906 96.001724 ) (-138 1392.003906 95.017311 ) (-145.080551 1408.525146 97.050697 ) 
3 140 144 (-151.554245 1423.630493 29.101316 ) (-151.554245 1423.630493 29.990250 ) (-144.220673 1406.518799 31.076696 ) 
4 141 144 (-151.556641 1423.628906 29.993042 ) (-151.556641 1423.628906 29.104149 ) (-127 1440 0 ) (-126.250015 1440.500000 0 ) 
7 141 142 (-151.556641 1423.628906 98.906990 ) (-151.556641 1423.628906 29.993042 ) (-126.250015 1440.500000 0 ) (0 1524.666626 0 ) (0 1524.664063 128 ) (-127 1440 128 ) (-131.144211 1437.236816 123.192368 ) 
4 142 159 (-109 1405.998901 0 ) (0 1458.619385 0 ) (0 1458.619385 32 ) (-138 1391.998901 32 ) 
4 142 151 (-104.526367 1408.158203 128 ) (-107.991653 1406.485352 128 ) (-131.204926 1395.279053 102.483887 ) (-131.204926 1395.279053 99.618370 ) 
4 142 150 (-96 1412.274414 128 ) (-104.526367 1408.158203 128 ) (-131.204926 1395.279053 99.618370 ) (-131.204926 1395.279053 92.795090 ) 
5 142 149 (0 1458.619385 32 ) (0 1458.619141 128 ) (-96 1412.274414 128 ) (-131.204926 1395.279053 92.795090 ) (-131.204926 1395.279053 32 ) 
4 142 148 (-131.204926 1395.279053 102.483887 ) (-134.606171 1393.637085 98.745224 ) (-134.606171 1393.637085 96 ) (-131.204926 1395.279053 99.618370 ) 
4 142 147 (-134.606171 1393.637085 96 ) (-134.606171 1393.637085 32 ) (-131.204926 1395.279053 32 ) (-131.204926 1395.279053 99.618370 ) 
4 142 146 (-134.606171 1393.637085 98.745224 ) (-138 1391.998901 95.015289 ) (-138 1391.998901 32 ) (-134.606171 1393.637085 32 ) 
4 142 144 (-144.248291 1406.570801 31.075302 ) (-151.558594 1423.628906 29.992188 ) (-126.252686 1440.499512 0 ) (-118.030434 1424.054077 0 ) 
4 142 143 (-145.117462 1408.603638 97.052788 ) (-138.001312 1392 95.009392 ) (-107.988144 1406.488647 128 ) (-118.038216 1424.076416 128 ) 
4 143 151 (-107.991653 1406.485352 128 ) (-109 1405.998901 128 ) (-131.204926 1395.279053 103.210953 ) (-131.204926 1395.279053 102.483887 ) 
4 143 148 (-134.606171 1393.637085 99.413963 ) (-134.606171 1393.637085 98.745224 ) (-131.204926 1395.279053 102.483887 ) (-131.204926 1395.279053 103.210953 ) 
4 143 146 (-138 1391.998901 95.625793 ) (-138 1391.998901 95.015289 ) (-134.606171 1393.637085 98.745224 ) (-134.606171 1393.637085 99.413963 ) 
3 145 154 (-128 1344 32 ) (-124 1280 32 ) (-128 1280 32 ) 
4 145 152 (-128 1280 32 ) (-124 1280 32 ) (-124 1280 100 ) (-128 1280 96 ) 
4 145 149 (-124 1280 100 ) (-124 1280 32 ) (-128 1344 32 ) (-128 1344 96 ) 
3 146 159 (-138 1392 32 ) (-134.606293 1393.637817 32 ) (-132 1378 32 ) 
3 146 148 (-134.605942 1393.638550 96 ) (-134.605942 1393.638550 99.414749 ) (-132 1377.998291 96 ) 
4 146 147 (-132 1377.998291 32 ) (-134.605942 1393.638550 32 ) (-134.605942 1393.638550 96 ) (-132 1377.998291 96 ) 
4 147 159 (-134.606293 1393.637817 32 ) (-131.204987 1395.279785 32 ) (-130.154770 1378.476074 32 ) (-132 1378 32 ) 
3 147 155 (-129.804886 1372.878052 32 ) (-129 1360 32 ) (-132 1378 32 ) 
4 147 150 (-131.205017 1395.280273 92.794998 ) (-131.205017 1395.280273 99.618484 ) (-129 1360 96 ) (-129 1360 95 ) 
4 147 149 (-129 1360 32 ) (-131.205017 1395.280273 32 ) (-131.205017 1395.280273 92.794998 ) (-129 1360 95 ) 
4 147 148 (-134.607422 1393.640625 96 ) (-132.001068 1378.002441 96 ) (-130.152298 1378.432983 97.890884 ) (-131.205261 1395.280273 99.618813 ) 
3 148 151 (-131.205017 1395.280273 99.618484 ) (-131.205017 1395.280273 103.211311 ) (-130.151901 1378.430420 97.890305 ) 
5 149 160 (0 1412.064453 32 ) (0 1280 32 ) (-90 1280 32 ) (-129.804886 1372.878052 32 ) (-130.154770 1378.476074 32 ) 
4 149 159 (-131.204987 1395.279785 32 ) (0 1458.620117 32 ) (0 1412.064453 32 ) (-130.154770 1378.476074 32 ) 
3 149 157 (-115.666649 1280 32 ) (-124 1280 32 ) (-129 1360 32 ) 
4 149 156 (-90 1280 32 ) (-115.666649 1280 32 ) (-129 1360 32 ) (-129.804886 1372.878052 32 ) 
5 149 152 (-124 1280 32 ) (0 1280 32 ) (0 1280 128 ) (-96 1280 128 ) (-124 1280 100 ) 
4 149 150 (-96 1412.275391 128 ) (-131.205017 1395.280273 92.796936 ) (-128.622101 1353.953613 95.379852 ) (-96 1357.004883 128 ) 
4 150 151 (-104.527344 1408.158203 128 ) (-131.201172 1395.281250 99.619629 ) (-130.147125 1378.416992 97.889786 ) (-100.712624 1385.281494 128 ) 
5 152 163 (-128 1216 32 ) (0 1216 32 ) (0 1216 128 ) (-96 1216 128 ) (-128 1216 96 ) 
4 152 161 (0 1216 32 ) (-128 1216 32 ) (-128 1280 32 ) (0 1280 32 ) 
4 153 164 (-192 1216 128 ) (-192 1216 96 ) (-128 1216 96 ) (-128 1216 128 ) 
3 154 161 (-124 1280 32 ) (-128 1280 32 ) (-124 1280 28 ) 
3 154 158 (-124 1280 32 ) (-124 1280 28 ) (-128 1344.001343 32 ) 
3 155 156 (-129.804810 1372.878906 30.672163 ) (-129.804810 1372.878906 32 ) (-129 1360 32 ) 
3 156 161 (-90 1280 32 ) (-115.666649 1280 32 ) (-90 1280 6.597933 ) 
4 156 160 (-90 1280 32 ) (-90 1280 6.597956 ) (-124.372208 1360.201782 27.386623 ) (-129.804871 1372.878052 32 ) 
5 156 157 (-128.998215 1359.994751 32 ) (-129 1360.008789 31.998552 ) (-124.372978 1360.211060 27.386818 ) (-89.996796 1280 6.595728 ) (-115.665962 1280 32 ) 
5 157 161 (-115.666649 1280 32 ) (-124 1280 32 ) (-91.812500 1280 0 ) (-90 1280 0 ) (-90 1280 6.597933 ) 
4 157 160 (-90 1280 6.597956 ) (-90 1280 0 ) (-92.121948 1284.951172 0 ) (-124.372200 1360.201782 27.386623 ) 
5 157 158 (-124 1280 31.996098 ) (-127.996094 1343.922119 31.996094 ) (-117.804703 1344.877686 21.804701 ) (-92.127686 1284.964600 0 ) (-91.817390 1280 0 ) 
4 158 161 (-124 1280 32 ) (-124 1280 28 ) (-96 1280 0 ) (-91.812500 1280 0 ) 
4 159 160 (-98.478142 1386.650269 0 ) (0 1412.064087 0 ) (0 1412.064453 32 ) (-130.154724 1378.475708 32 ) 
4 160 161 (0 1280 32 ) (-90 1280 32 ) (-90 1280 0 ) (0 1280 0 ) 
4 161 163 (-96 1216 0 ) (0 1216 0 ) (0 1216 32 ) (-128 1216 32 ) 
4 162 165 (-192 1216 32 ) (-192 1216 0 ) (-128 1216 0 ) (-128 1216 32 ) 
4 163 166 (-128 1152 0 ) (0 1152 0 ) (0 1152 128 ) (-128 1152 128 ) 
4 163 164 (-128 1216 128 ) (-128 1216 96 ) (-128 1152 96 ) (-128 1152 128 ) 
4 163 165 (-128 1216 32 ) (-128 1216 0 ) (-128 1152 0 ) (-128 1152 32 ) 
4 166 167 (-128 1088 0 ) (0 1088 0 ) (0 1088 128 ) (-128 1088 128 ) 
4 167 234 (0 1024 0 ) (0 1024 128 ) (-136 1024 128 ) (-136 1024 0 ) 
4 168 173 (-320 1728 0 ) (-320 1720 0 ) (-320 1720 128 ) (-320 1728 128 ) 
4 168 170 (-320 1720 128 ) (-320 1720 0 ) (-296 1720 0 ) (-296 1720 128 ) 
4 169 170 (-288 1720 0 ) (-256 1720 0 ) (-256 1720 128 ) (-288 1720 128 ) 
4 170 173 (-320 1720 0 ) (-320 1464 0 ) (-320 1464 128 ) (-320 1720 128 ) 
4 170 172 (-288 1464 0 ) (-256 1464 0 ) (-256 1464 128 ) (-288 1464 128 ) 
4 170 171 (-320 1464 128 ) (-320 1464 0 ) (-296 1464 0 ) (-296 1464 128 ) 
4 171 173 (-320 1464 0 ) (-320 1456 0 ) (-320 1456 128 ) (-320 1464 128 ) 
4 173 176 (-760 1792 128 ) (-760 1792 0 ) (-760 1696 0 ) (-760 1696 128 ) 
4 173 175 (-760 1440 0 ) (-760 1344 0 ) (-760 1344 128 ) (-760 1440 128 ) 
4 173 174 (-760 1688.003662 0 ) (-760 1448 0 ) (-760 1448 128 ) (-760 1688.003662 128 ) 
4 174 179 (-768 1680.003662 0 ) (-768 1456 0 ) (-768 1456 128 ) (-768 1680.003662 128 ) 
4 177 193 (-800 2048 0 ) (-768 2048 0 ) (-768 1872 0 ) (-800 1872 0 ) 
4 177 183 (-800 2048 0 ) (-800 1872 0 ) (-800 1872 128 ) (-800 2048 128 ) 
4 178 181 (-776 1856 128 ) (-776 1856 0 ) (-776 1792 0 ) (-776 1792 128 ) 
4 179 181 (-776 1696 0 ) (-776 1440 0 ) (-776 1440 128 ) (-776 1696 128 ) 
4 180 181 (-776 1344 0 ) (-776 1280 0 ) (-776 1280 128 ) (-776 1344 128 ) 
8 181 184 (-800 1488 24 ) (-800 1488 96 ) (-800 1504 112 ) (-800 1632 112 ) (-800 1648 96 ) (-800 1648 24 ) (-800 1632 8 ) (-800 1504 8 ) 
4 182 194 (-768 1264 0 ) (-768 1120 0 ) (-800 1120 0 ) (-800 1264 0 ) 
4 182 188 (-800 1264 0 ) (-800 1120 0 ) (-800 1120 128 ) (-800 1264 128 ) 
4 183 193 (-808 2048 0 ) (-800 2048 0 ) (-800 1872 0 ) (-808 1872 0 ) 
4 183 185 (-808 2048 0 ) (-808 1872 0 ) (-808 1872 128 ) (-808 2048 128 ) 
8 184 186 (-808 1488 24 ) (-808 1488 96 ) (-808 1504 112 ) (-808 1632 112 ) (-808 1648 96 ) (-808 1648 24 ) (-808 1632 8 ) (-808 1504 8 ) 
4 185 193 (-816 2048 0 ) (-808 2048 0 ) (-808 1872 0 ) (-816 1872 0 ) 
4 186 190 (-816 1664 0 ) (-816 1488 0 ) (-816 1488 128 ) (-816 1664 128 ) 
4 186 187 (-816 1488 128 ) (-816 1488 0 ) (-808 1488 0 ) (-808 1488 128 ) 
4 187 190 (-816 1488 0 ) (-816 1472 0 ) (-816 1472 128 ) (-816 1488 128 ) 
4 188 194 (-800 1264 0 ) (-800 1120 0 ) (-816 1120 0 ) (-816 1264 0 ) 
4 188 192 (-816 1216 0 ) (-816 1120 0 ) (-816 1120 128 ) (-816 1216 128 ) 
4 189 205 (-1024 1664 128 ) (-1024 1881.599854 128 ) (-1024 1881.599854 0 ) (-1024 1664 0 ) 
3 189 197 (-981.333374 1664 0 ) (-1024 1664 0 ) (-1024 1728 0 ) 
4 189 190 (-1024 1664 0 ) (-832 1664 0 ) (-832 1664 128 ) (-1024 1664 128 ) 
4 190 205 (-1024 1472 128 ) (-1024 1664 128 ) (-1024 1664 0 ) (-1024 1472 0 ) 
4 190 199 (-981.333252 1472 0 ) (-1024 1472 0 ) (-1024 1504 0 ) (-960 1504 0 ) 
4 190 197 (-1024 1632 0 ) (-1024 1664 0 ) (-981.333374 1664 0 ) (-960 1632 0 ) 
4 190 191 (-1024 1472 0 ) (-832 1472 0 ) (-832 1472 128 ) (-1024 1472 128 ) 
4 191 205 (-1024 1254.400024 128 ) (-1024 1472 128 ) (-1024 1472 0 ) (-1024 1254.400024 0 ) 
3 191 199 (-1024 1408 0 ) (-1024 1472 0 ) (-981.333252 1472 0 ) 
3 192 201 (-1024 1152 0 ) (-1024 1216 0 ) (-985.599976 1216 0 ) 
5 192 200 (-832 1120 0 ) (-1024 1120 0 ) (-1024 1152 0 ) (-985.599976 1216 0 ) (-832 1216 0 ) 
4 192 194 (-816 1216 0 ) (-816 1120 0 ) (-832 1120 0 ) (-832 1216 0 ) 
4 193 202 (-832 1856 -64 ) (-832 2048 -64 ) (-768 2048 -64 ) (-768 1856 -64 ) 
4 193 195 (-832 2048 -64 ) (-832 1856 -64 ) (-832 1856 0 ) (-832 2048 0 ) 
4 194 202 (-832 1120 -64 ) (-832 1280 -64 ) (-768 1280 -64 ) (-768 1120 -64 ) 
4 194 200 (-832 1280 -64 ) (-832 1120 -64 ) (-832 1120 0 ) (-832 1280 0 ) 
4 195 214 (-1024 1881.599854 0 ) (-1024 2048 0 ) (-1024 2048 -64 ) (-1024 1881.599854 -64 ) 
4 195 202 (-1024 1881.599854 -64 ) (-1024 2048 -64 ) (-832 2048 -64 ) (-832 1766.399780 -64 ) 
4 195 196 (-928 1824 -64 ) (-832 1766.400391 -64 ) (-832 1766.400391 0 ) (-928 1824 0 ) 
3 196 202 (-928 1824 -64 ) (-832 1766.399780 -64 ) (-832 1664 -64 ) 
4 197 216 (-1024 1632 0 ) (-1024 1728 0 ) (-1024 1728 -64 ) (-1024 1632 -64 ) 
3 197 202 (-1024 1632 -64 ) (-1024 1728 -64 ) (-960 1632 -64 ) 
4 197 198 (-1024 1632 -64 ) (-960 1632 -64 ) (-960 1632 -32 ) (-1024 1632 -32 ) 
4 198 217 (-1024 1632 -32 ) (-1024 1632 -64 ) (-1024 1504 -64 ) (-1024 1504 -32 ) 
4 198 202 (-1024 1504 -64 ) (-1024 1632 -64 ) (-960 1632 -64 ) (-960 1504 -64 ) 
4 198 199 (-1024 1504 -64 ) (-960 1504 -64 ) (-960 1504 -32 ) (-1024 1504 -32 ) 
4 199 220 (-1024 1408 0 ) (-1024 1504 0 ) (-1024 1504 -64 ) (-1024 1408 -64 ) 
3 199 202 (-1024 1408 -64 ) (-1024 1504 -64 ) (-960 1504 -64 ) 
4 200 221 (-1024 1120 0 ) (-1024 1152 0 ) (-1024 1152 -64 ) (-1024 1120 -64 ) 
4 200 202 (-1024 1120 -64 ) (-1024 1152 -64 ) (-832 1472 -64 ) (-832 1120 -64 ) 
4 200 201 (-927.998413 1312 -64 ) (-1024 1151.998169 -64 ) (-1024 1151.998169 0 ) (-927.998413 1312 0 ) 
4 201 221 (-1024 1152 0 ) (-1024 1254.400146 0 ) (-1024 1254.400146 -64 ) (-1024 1152 -64 ) 
3 201 202 (-1024 1152 -64 ) (-1024 1254.400146 -64 ) (-928 1312 -64 ) 
4 202 227 (-1024 1120 -64 ) (-1024 2048 -64 ) (-1024 2048 -576 ) (-1024 1120 -576 ) 
4 203 205 (-1088 1216 128 ) (-1088 1920 128 ) (-1024 1881.599854 128 ) (-1024 1254.400024 128 ) 
4 203 204 (-1088 2048 128 ) (-1088 1120 128 ) (-1088 1120 960 ) (-1088 2048 960 ) 
4 204 212 (-1792 1472 128 ) (-1792 1664 128 ) (-1552 1664 128 ) (-1552 1472 128 ) 
4 204 213 (-1552 1024 128 ) (-1792 1024 128 ) (-1792 1344 128 ) (-1552 1344 128 ) 
4 204 211 (-1792 1792 128 ) (-1792 2048 128 ) (-1552 2048 128 ) (-1552 1792 128 ) 
4 204 210 (-1408 1024 128 ) (-1552 1024 128 ) (-1552 1216 128 ) (-1408 1216 128 ) 
4 204 209 (-1536 1472 128 ) (-1280 1472 128 ) (-1280 1216 128 ) (-1440 1312 128 ) 
4 204 207 (-1440 1824 128 ) (-1280 1920 128 ) (-1280 1664 128 ) (-1536 1664 128 ) 
4 204 208 (-1552 1472 128 ) (-1552 1664 128 ) (-1280 1664 128 ) (-1280 1472 128 ) 
4 204 206 (-1088 1024 128 ) (-1280 1024 128 ) (-1280 2048 128 ) (-1088 2048 128 ) 
4 205 220 (-1024 1504 0 ) (-1024 1408 0 ) (-1088 1365.333252 0 ) (-1088 1504 0 ) 
4 205 216 (-1024 1728 0 ) (-1024 1632 0 ) (-1088 1632 0 ) (-1088 1770.666626 0 ) 
4 205 206 (-1088 1920 0 ) (-1088 1216 0 ) (-1088 1216 128 ) (-1088 1920 128 ) 
6 206 222 (-1088 1504 0 ) (-1088 1365.333252 0 ) (-1120 1344 0 ) (-1248.017700 1344 0 ) (-1280 1365.321533 0 ) (-1280 1504 0 ) 
6 206 216 (-1088 1770.666626 0 ) (-1088 1632 0 ) (-1280 1632 0 ) (-1280 1770.666870 0 ) (-1248 1792 0 ) (-1120 1792 0 ) 
4 206 209 (-1280 1472 0 ) (-1280 1216 0 ) (-1280 1216 128 ) (-1280 1472 128 ) 
4 206 207 (-1280 1920 0 ) (-1280 1664 0 ) (-1280 1664 128 ) (-1280 1920 128 ) 
4 206 208 (-1280 1664 0 ) (-1280 1472 0 ) (-1280 1472 128 ) (-1280 1664 128 ) 
4 207 216 (-1280 1770.666870 0 ) (-1280 1664 0 ) (-1386.666870 1664 0 ) (-1344 1728 0 ) 
4 207 208 (-1536 1664 0 ) (-1280 1664 0 ) (-1280 1664 128 ) (-1536 1664 128 ) 
4 208 223 (-1280 1504 0 ) (-1280 1472 0 ) (-1386.666626 1472 0 ) (-1408 1504 0 ) 
4 208 216 (-1280 1664 0 ) (-1280 1632 0 ) (-1408 1632 0 ) (-1386.666870 1664 0 ) 
4 208 212 (-1552 1664 0 ) (-1552 1472 0 ) (-1552 1472 128 ) (-1552 1664 128 ) 
4 208 209 (-1536 1472 0 ) (-1280 1472 0 ) (-1280 1472 128 ) (-1536 1472 128 ) 
4 209 224 (-1280 1472 0 ) (-1280 1365.321533 0 ) (-1343.985840 1407.978760 0 ) (-1386.666626 1472 0 ) 
4 210 225 (-1408 1024 0 ) (-1552 1024 0 ) (-1552 1216 0 ) (-1408 1216 0 ) 
4 210 213 (-1552 1216 0 ) (-1552 1024 0 ) (-1552 1024 128 ) (-1552 1216 128 ) 
4 211 218 (-1792 2048 0 ) (-1552 2048 0 ) (-1552 1792 0 ) (-1792 1792 0 ) 
4 213 225 (-1552 1344 0 ) (-1552 1024 0 ) (-1792 1024 0 ) (-1792 1344 0 ) 
4 214 227 (-1088 2048 -64 ) (-1024 2048 -64 ) (-1024 1881.599854 -64 ) (-1088 1920 -64 ) 
4 215 228 (-1408 2048 -64 ) (-1280 2048 -64 ) (-1280 1920 -64 ) (-1408 1843.199951 -64 ) 
4 215 219 (-1408 1877.333374 -64 ) (-1408 1843.199951 -64 ) (-1408 1843.199951 0 ) (-1408 1877.333374 0 ) 
4 215 218 (-1408 2048 -64 ) (-1408 1877.333374 -64 ) (-1408 1877.333374 0 ) (-1408 2048 0 ) 
4 216 227 (-1024 1728 -64 ) (-1024 1632 -64 ) (-1088 1632 -64 ) (-1088 1770.666626 -64 ) 
6 216 228 (-1088 1632 -64 ) (-1408 1632 -64 ) (-1344 1728 -64 ) (-1248 1792 -64 ) (-1120 1792 -64 ) (-1088 1770.666626 -64 ) 
4 216 217 (-1408 1632 -32 ) (-1408 1632 -64 ) (-1024 1632 -64 ) (-1024 1632 -32 ) 
4 217 227 (-1024 1632 -64 ) (-1024 1504 -64 ) (-1088 1504 -64 ) (-1088 1632 -64 ) 
4 217 228 (-1088 1504 -64 ) (-1408 1504 -64 ) (-1408 1632 -64 ) (-1088 1632 -64 ) 
4 217 223 (-1408 1504 -64 ) (-1280 1504 -64 ) (-1280 1504 -32 ) (-1408 1504 -32 ) 
4 217 222 (-1280 1504 -64 ) (-1088 1504 -64 ) (-1088 1504 -32 ) (-1280 1504 -32 ) 
4 217 220 (-1088 1504 -64 ) (-1024 1504 -64 ) (-1024 1504 -32 ) (-1088 1504 -32 ) 
5 218 228 (-1792 2048 -64 ) (-1408 2048 -64 ) (-1408 1877.333130 -64 ) (-1536 1664 -64 ) (-1792 1664 -64 ) 
4 218 219 (-1440.002930 1823.998413 -64 ) (-1408 1877.335938 -64 ) (-1408 1877.335938 0 ) (-1440.002930 1823.998413 0 ) 
3 219 228 (-1408 1877.333130 -64 ) (-1408 1843.200195 -64 ) (-1440 1824 -64 ) 
4 220 227 (-1088 1365.333252 -64 ) (-1088 1504 -64 ) (-1024 1504 -64 ) (-1024 1408 -64 ) 
4 220 222 (-1088 1504 0 ) (-1088 1504 -64 ) (-1088 1365.333252 -64 ) (-1088 1365.333252 0 ) 
4 221 227 (-1088 1120 -64 ) (-1088 1216 -64 ) (-1024 1254.400024 -64 ) (-1024 1120 -64 ) 
6 222 228 (-1280 1365.321533 -64 ) (-1280 1504 -64 ) (-1088 1504 -64 ) (-1088 1365.333252 -64 ) (-1120 1344 -64 ) (-1248.017700 1344 -64 ) 
4 222 224 (-1280 1472 -64 ) (-1280 1365.321533 -64 ) (-1280 1365.321533 0 ) (-1280 1472 0 ) 
4 222 223 (-1280 1504 0 ) (-1280 1504 -64 ) (-1280 1472 -64 ) (-1280 1472 0 ) 
4 223 228 (-1408 1504 -64 ) (-1280 1504 -64 ) (-1280 1472 -64 ) (-1386.666626 1472 -64 ) 
4 223 224 (-1386.666626 1472 -64 ) (-1280 1472 -64 ) (-1280 1472 0 ) (-1386.666626 1472 0 ) 
4 224 228 (-1386.666626 1472 -64 ) (-1280 1472 -64 ) (-1280 1365.321533 -64 ) (-1343.985718 1407.978760 -64 ) 
5 225 228 (-1280 1024 -64 ) (-1792 1024 -64 ) (-1792 1472 -64 ) (-1536 1472 -64 ) (-1280 1045.333374 -64 ) 
4 225 226 (-1280 1045.333252 0 ) (-1280 1045.333252 -64 ) (-1440 1312 -64 ) (-1440 1312 0 ) 
3 226 228 (-1280 1216 -64 ) (-1280 1045.333374 -64 ) (-1440 1312 -64 ) 
4 227 228 (-1088 2048 -576 ) (-1088 1120 -576 ) (-1088 1120 -64 ) (-1088 2048 -64 ) 
4 229 230 (-1024 896 256 ) (-256 896 256 ) (-256 896 768 ) (-1024 896 768 ) 
4 230 244 (0 0 256 ) (0 0 768 ) (-1024 0 768 ) (-1024 0 256 ) 
4 230 233 (-1024 64 256 ) (-1024 768 256 ) (-896 768 256 ) (-896 64 256 ) 
5 230 232 (0 640 256 ) (0 0 256 ) (-768 0 256 ) (-896 64 256 ) (-896 640 256 ) 
4 230 231 (-896 768 256 ) (-384 768 256 ) (-256 640 256 ) (-896 640 256 ) 
4 231 241 (-896 640 128 ) (-896 680 128 ) (-296 680 128 ) (-256 640 128 ) 
4 231 236 (-896 680 128 ) (-896 768 128 ) (-384 768 128 ) (-296 680 128 ) 
3 231 233 (-896 768 256 ) (-896 640 192 ) (-896 640 256 ) 
4 231 232 (-896 640 256 ) (-896 640 128 ) (-256 640 128 ) (-256 640 256 ) 
4 232 245 (0 0 128 ) (0 0 256 ) (-768 0 256 ) (-768 0 128 ) 
5 232 242 (0 0 128 ) (-768 0 128 ) (-896 64 128 ) (-896 640 128 ) (0 640 128 ) 
5 232 233 (-896 512 128 ) (-896 64 128 ) (-896 64 256 ) (-896 640 256 ) (-896 640 192 ) 
4 233 243 (-1024 64 128 ) (-1024 512 128 ) (-896 512 128 ) (-896 64 128 ) 
4 234 235 (-136 768 0 ) (0 768 0 ) (0 768 128 ) (-136 768 128 ) 
4 235 240 (-136 680 0 ) (-128 680 0 ) (-128 680 128 ) (-136 680 128 ) 
6 235 237 (0 680 8 ) (0 680 112 ) (-64 680 112 ) (-80 680 96 ) (-80 680 24 ) (-64 680 8 ) 
4 236 241 (-896 680 0 ) (-296 680 0 ) (-296 680 128 ) (-896 680 128 ) 
6 237 238 (-80 672 96 ) (-80 672 24 ) (-64 672 8 ) (0 672 8 ) (0 672 112 ) (-64 672 112 ) 
4 238 242 (-80 640 0 ) (0 640 0 ) (0 640 128 ) (-80 640 128 ) 
4 238 239 (-80 672 0 ) (-80 640 0 ) (-80 640 128 ) (-80 672 128 ) 
4 239 242 (-128 640 0 ) (-80 640 0 ) (-80 640 128 ) (-128 640 128 ) 
4 239 240 (-128 672 0 ) (-128 648 0 ) (-128 648 128 ) (-128 672 128 ) 
4 241 242 (-896 640 0 ) (-256 640 0 ) (-256 640 128 ) (-896 640 128 ) 
4 242 248 (0 0 0 ) (0 0 128 ) (-768 0 128 ) (-768 0 0 ) 
4 242 243 (-896 256 0 ) (-896 64 0 ) (-896 64 128 ) (-896 512 128 ) 
3 244 246 (-768 -512 256 ) (-768 -576 256 ) (-896 -576 256 ) 
4 244 247 (-768 -1024 256 ) (-1024 -1024 256 ) (-1024 -576 256 ) (-768 -576 256 ) 
4 244 245 (0 -1024 256 ) (-768 -1024 256 ) (-768 0 256 ) (0 0 256 ) 
4 245 251 (0 -512 128 ) (0 -1024 128 ) (-768 -1024 128 ) (-768 -512 128 ) 
4 245 248 (-768 0 128 ) (0 0 128 ) (0 -512 128 ) (-768 -512 128 ) 
4 245 246 (-768 -512 128 ) (-768 -576 128 ) (-768 -576 256 ) (-768 -512 256 ) 
4 245 247 (-768 -576 128 ) (-768 -1024 128 ) (-768 -1024 256 ) (-768 -576 256 ) 
3 246 261 (-808 -576 128 ) (-896 -576 128 ) (-808 -532 128 ) 
4 246 255 (-800 -576 128 ) (-808 -576 128 ) (-808 -532 128 ) (-800 -528 128 ) 
4 246 251 (-768 -512 128 ) (-768 -576 128 ) (-800 -576 128 ) (-800 -528 128 ) 
4 246 247 (-896 -576 128 ) (-768 -576 128 ) (-768 -576 256 ) (-896 -576 256 ) 
4 247 262 (-808 -1024 128 ) (-1024 -1024 128 ) (-1024 -576 128 ) (-808 -576 128 ) 
4 247 255 (-800 -1024 128 ) (-808 -1024 128 ) (-808 -576 128 ) (-800 -576 128 ) 
4 247 251 (-768 -576 128 ) (-768 -1024 128 ) (-800 -1024 128 ) (-800 -576 128 ) 
4 248 251 (-768 -512 0 ) (0 -512 0 ) (0 -512 128 ) (-768 -512 128 ) 
4 248 249 (-768 -128 0 ) (-768 -384 0 ) (-768 -384 128 ) (-768 -128 128 ) 
4 249 250 (-776 -128 0 ) (-776 -384 0 ) (-776 -384 128 ) (-776 -128 128 ) 
4 250 254 (-800 -384 0 ) (-800 -392 0 ) (-800 -392 128 ) (-800 -384 128 ) 
8 250 253 (-800 -336 24 ) (-800 -336 96 ) (-800 -320 112 ) (-800 -192 112 ) (-800 -176 96 ) (-800 -176 24 ) (-800 -192 8 ) (-800 -320 8 ) 
4 250 252 (-800 -120 0 ) (-800 -128 0 ) (-800 -128 128 ) (-800 -120 128 ) 
4 251 255 (-800 -528 0 ) (-800 -1024 0 ) (-800 -1024 128 ) (-800 -528 128 ) 
8 253 258 (-808 -336 24 ) (-808 -336 96 ) (-808 -320 112 ) (-808 -192 112 ) (-808 -176 96 ) (-808 -176 24 ) (-808 -192 8 ) (-808 -320 8 ) 
4 255 261 (-808 -532 0 ) (-808 -576 0 ) (-808 -576 128 ) (-808 -532 128 ) 
4 255 262 (-808 -576 0 ) (-808 -1024 0 ) (-808 -1024 128 ) (-808 -576 128 ) 
4 256 263 (-1024 -128 0 ) (-1024 -136 0 ) (-1024 -136 128 ) (-1024 -128 128 ) 
4 256 258 (-1024 -136 0 ) (-952 -136 0 ) (-952 -136 128 ) (-1024 -136 128 ) 
4 257 258 (-944 -136 0 ) (-808 -136 0 ) (-808 -136 128 ) (-944 -136 128 ) 
4 258 263 (-1024 -136 0 ) (-1024 -376 0 ) (-1024 -376 128 ) (-1024 -136 128 ) 
4 258 260 (-944 -376 0 ) (-808 -376 0 ) (-808 -376 128 ) (-944 -376 128 ) 
4 258 259 (-1024 -376 0 ) (-952 -376 0 ) (-952 -376 128 ) (-1024 -376 128 ) 
4 259 263 (-1024 -376 0 ) (-1024 -384 0 ) (-1024 -384 128 ) (-1024 -376 128 ) 
4 261 262 (-896 -576 0 ) (-808 -576 0 ) (-808 -576 128 ) (-896 -576 128 ) 
4 263 272 (-1088 -373.428589 0 ) (-1088 -384 0 ) (-1088 -384 128 ) (-1088 -373.428589 128 ) 
4 263 270 (-1088 -370 0 ) (-1088 -373.428589 0 ) (-1088 -373.428589 128 ) (-1088 -370 128 ) 
4 263 269 (-1088 -365.428558 0 ) (-1088 -370 0 ) (-1088 -370 128 ) (-1088 -365.428558 128 ) 
4 263 266 (-1088 -332 0 ) (-1088 -365.428558 0 ) (-1088 -365.428558 128 ) (-1088 -332 128 ) 
4 263 265 (-1088 -188.666504 0 ) (-1088 -332 0 ) (-1088 -332 128 ) (-1088 -188.666504 128 ) 
4 263 264 (-1088 -128 0 ) (-1088 -188.666504 0 ) (-1088 -188.666504 128 ) (-1088 -128 128 ) 
4 264 274 (-1216 -151.349136 0 ) (-1216 -487.333252 0 ) (-1216 -487.333252 128 ) (-1216 -151.349152 128 ) 
4 264 271 (-1216 -487.335266 128 ) (-1216 -487.335266 0 ) (-1212 -478.002380 0 ) (-1212 -478.002380 128 ) 
4 264 267 (-1205.994019 -463.987793 0 ) (-1195.498657 -439.498718 0 ) (-1195.498657 -439.498718 128 ) (-1205.994019 -463.987793 128 ) 
4 264 265 (-1195.498657 -439.498718 0 ) (-1088 -188.667969 0 ) (-1088 -188.667969 128 ) (-1195.498657 -439.498718 128 ) 
4 265 268 (-1192.002075 -436.004059 0 ) (-1190.002563 -434.004578 0 ) (-1190.002563 -434.004578 128 ) (-1192.002075 -436.004059 128 ) 
4 265 267 (-1195.501953 -439.503906 128 ) (-1195.501953 -439.503906 0 ) (-1192.002075 -436.004059 0 ) (-1192.002075 -436.004059 128 ) 
4 265 266 (-1165.995483 -409.997467 0 ) (-1088 -332.001953 0 ) (-1088 -332.001953 128 ) (-1165.995483 -409.997467 128 ) 
4 266 269 (-1151.979248 -401.989594 0 ) (-1088 -365.429810 0 ) (-1088 -365.429810 128 ) (-1151.979248 -401.989594 128 ) 
4 267 268 (-1198 -448 0 ) (-1192 -436 0 ) (-1192 -436 128 ) (-1198 -448 128 ) 
4 269 270 (-1136 -394 0 ) (-1088 -370 0 ) (-1088 -370 128 ) (-1136 -394 128 ) 
4 270 272 (-1122.006470 -388 0 ) (-1088 -373.426208 0 ) (-1088 -373.426208 128 ) (-1122.006470 -388 128 ) 
4 271 274 (-1216 -487.333252 0 ) (-1216 -512 0 ) (-1216 -512 128 ) (-1216 -487.333252 128 ) 
4 273 274 (-1216 -576 0 ) (-1216 -1024 0 ) (-1216 -1024 128 ) (-1216 -576 128 ) 
4 274 275 (-1472 -576 0 ) (-1472 -1024 0 ) (-1472 -1024 128 ) (-1472 -576 128 ) 
4 275 276 (-1536 -704 0 ) (-1536 -960 0 ) (-1536 -960 128 ) (-1536 -704 128 ) 
4 276 277 (-1544 -704 0 ) (-1544 -960 0 ) (-1544 -960 128 ) (-1544 -704 128 ) 
4 277 284 (-1544 -1024 128 ) (-1568 -1024 128 ) (-1568 -1024 0 ) (-1544 -1024 0 ) 
8 277 278 (-1568 -912 24 ) (-1568 -912 96 ) (-1568 -896 112 ) (-1568 -768 112 ) (-1568 -752 96 ) (-1568 -752 24 ) (-1568 -768 8 ) (-1568 -896 8 ) 
8 278 280 (-1576 -912 24 ) (-1576 -912 96 ) (-1576 -896 112 ) (-1576 -768 112 ) (-1576 -752 96 ) (-1576 -752 24 ) (-1576 -768 8 ) (-1576 -896 8 ) 
4 279 280 (-2032 -704 128 ) (-2032 -704 0 ) (-2008 -704 0 ) (-2008 -704 128 ) 
8 280 282 (-2032 -912 24 ) (-2032 -912 96 ) (-2032 -896 112 ) (-2032 -768 112 ) (-2032 -752 96 ) (-2032 -752 24 ) (-2032 -768 8 ) (-2032 -896 8 ) 
4 280 281 (-2032 -960 128 ) (-2032 -960 0 ) (-2008 -960 0 ) (-2008 -960 128 ) 
4 281 285 (-2008 -1024 128 ) (-2032 -1024 128 ) (-2032 -1024 0 ) (-2008 -1024 0 ) 
8 282 283 (-2040 -912 24 ) (-2040 -912 96 ) (-2040 -896 112 ) (-2040 -768 112 ) (-2040 -752 96 ) (-2040 -752 24 ) (-2040 -768 8 ) (-2040 -896 8 ) 
4 283 286 (-2048 -960 128 ) (-2048 -704 128 ) (-2048 -704 0 ) (-2048 -960 0 ) 
